  Page.cpp
<<<<<<< HEAD
C:\Users\14631\OneDrive\Desktop\DT\New folder\drwwoob\doner\src\Page.cpp(79,16): warning C4267: '=': conversion from 'size_t' to 'int', possible loss of data
C:\Users\14631\OneDrive\Desktop\DT\New folder\drwwoob\doner\src\Page.cpp(183,58): warning C4244: 'argument': conversion from 'float' to 'int', possible loss of data
C:\Users\14631\OneDrive\Desktop\DT\New folder\drwwoob\doner\src\Page.cpp(183,43): warning C4244: 'argument': conversion from 'float' to 'int', possible loss of data
C:\Users\14631\OneDrive\Desktop\DT\New folder\drwwoob\doner\src\Page.cpp(184,62): warning C4244: 'argument': conversion from 'float' to 'int', possible loss of data
C:\Users\14631\OneDrive\Desktop\DT\New folder\drwwoob\doner\src\Page.cpp(184,47): warning C4244: 'argument': conversion from 'float' to 'int', possible loss of data
=======
C:\Users\14631\OneDrive\Desktop\DT\New folder\drwwoob\doner\src\Page.cpp(80,16): warning C4267: '=': conversion from 'size_t' to 'int', possible loss of data
C:\Users\14631\OneDrive\Desktop\DT\New folder\drwwoob\doner\src\Page.cpp(195,58): warning C4244: 'argument': conversion from 'float' to 'int', possible loss of data
C:\Users\14631\OneDrive\Desktop\DT\New folder\drwwoob\doner\src\Page.cpp(195,43): warning C4244: 'argument': conversion from 'float' to 'int', possible loss of data
C:\Users\14631\OneDrive\Desktop\DT\New folder\drwwoob\doner\src\Page.cpp(196,62): warning C4244: 'argument': conversion from 'float' to 'int', possible loss of data
C:\Users\14631\OneDrive\Desktop\DT\New folder\drwwoob\doner\src\Page.cpp(196,47): warning C4244: 'argument': conversion from 'float' to 'int', possible loss of data
>>>>>>> io-updata
  Tools.cpp
  cast.cpp
  data.cpp
C:\Users\14631\OneDrive\Desktop\DT\New folder\drwwoob\doner\src\data.cpp(20,71): warning C4267: 'argument': conversion from 'size_t' to 'int', possible loss of data
C:\Users\14631\OneDrive\Desktop\DT\New folder\drwwoob\doner\src\data.cpp(20,52): warning C4267: 'argument': conversion from 'size_t' to 'int', possible loss of data
  doner.cpp
<<<<<<< HEAD
C:\Users\14631\OneDrive\Desktop\DT\New folder\drwwoob\doner\src\doner.cpp(541,65): warning C4244: 'argument': conversion from 'LONG' to 'float', possible loss of data
C:\Users\14631\OneDrive\Desktop\DT\New folder\drwwoob\doner\src\doner.cpp(541,40): warning C4244: 'argument': conversion from 'LONG' to 'float', possible loss of data
C:\Users\14631\OneDrive\Desktop\DT\New folder\drwwoob\doner\src\doner.cpp(607,69): warning C4244: 'argument': conversion from 'LONG' to 'float', possible loss of data
C:\Users\14631\OneDrive\Desktop\DT\New folder\drwwoob\doner\src\doner.cpp(607,44): warning C4244: 'argument': conversion from 'LONG' to 'float', possible loss of data
  Generating Code...
  LINK : C:\Users\14631\OneDrive\Desktop\DT\New folder\drwwoob\x64\Debug\doner.exe not found or not built by the last incremental link; performing full link
=======
C:\Users\14631\OneDrive\Desktop\DT\New folder\drwwoob\doner\src\doner.cpp(544,65): warning C4244: 'argument': conversion from 'LONG' to 'float', possible loss of data
C:\Users\14631\OneDrive\Desktop\DT\New folder\drwwoob\doner\src\doner.cpp(544,40): warning C4244: 'argument': conversion from 'LONG' to 'float', possible loss of data
C:\Users\14631\OneDrive\Desktop\DT\New folder\drwwoob\doner\src\doner.cpp(658,69): warning C4244: 'argument': conversion from 'LONG' to 'float', possible loss of data
C:\Users\14631\OneDrive\Desktop\DT\New folder\drwwoob\doner\src\doner.cpp(658,44): warning C4244: 'argument': conversion from 'LONG' to 'float', possible loss of data
  Generating Code...
>>>>>>> io-updata
  doner.vcxproj -> C:\Users\14631\OneDrive\Desktop\DT\New folder\drwwoob\x64\Debug\doner.exe
